<?xml version="1.0" encoding="UTF-8"?>
<!-- Generated by org.testng.reporters.JUnitXMLReporter -->
<testsuite ignored="0" hostname="DESKTOP-MCPQQ7V" failures="1" tests="1" name="Test" time="5.373" errors="0" timestamp="2026-01-29T15:43:01 IST">
  <testcase classname="io.cucumber.testng.AbstractTestNGCucumberTests" name="runScenario" time="5.151">
    <failure type="java.lang.IllegalArgumentException" message="Driver must be set">
      <![CDATA[java.lang.IllegalArgumentException: Driver must be set
at org.openqa.selenium.internal.Require.nonNull(Require.java:63)
at org.openqa.selenium.interactions.Actions.<init>(Actions.java:67)
at org.openqa.selenium.interactions.Actions.<init>(Actions.java:63)
at pages.ProductListPage.<init>(ProductListPage.java:14)
at stepDefinitions.StepDefinition.i_navigate_to_page(StepDefinition.java:36)
at âœ½.I navigate to "Men Tshirts page" page(file:///D:/My-eclipse-workspace/ScenarioShoppingWebsite/src/test/java/features/ShoppingScenario.feature:9)
]]>
    </failure>
  </testcase> <!-- runScenario -->
</testsuite> <!-- Test -->
